<?xml version="1.0" encoding="UTF-8"?>
<!-- Generated by org.testng.reporters.JUnitReportReporter -->
<testsuite hostname="DESKTOP-FIBNM5V" failures="0" tests="4" name="practice.priorityTest" time="0.012" errors="0" timestamp="2022-12-06T12:32:33 IST" skipped="0">
  <testcase classname="practice.priorityTest" name="test3" time="0.004"/>
  <system-out/>
  <testcase classname="practice.priorityTest" name="test4" time="0.002"/>
  <system-out/>
  <testcase classname="practice.priorityTest" name="test2" time="0.004"/>
  <system-out/>
  <testcase classname="practice.priorityTest" name="test1" time="0.002"/>
  <system-out/>
</testsuite> <!-- practice.priorityTest -->
