<?xml version="1.0" encoding="UTF-8"?>
<!-- Generated by org.testng.reporters.JUnitReportReporter -->
<testsuite hostname="VBK-Computer" failures="0" tests="1" name="com.scm.products.AddProductUsingStartClassTest" time="5.776" errors="0" timestamp="2022-12-23T09:25:53 IST" skipped="0">
  <testcase classname="com.scm.products.AddProductUsingStartClassTest" name="addProduct" time="5.776"/>
  <system-out/>
</testsuite> <!-- com.scm.products.AddProductUsingStartClassTest -->
