<?xml version="1.0" encoding="UTF-8"?>
<!-- Generated by org.testng.reporters.JUnitReportReporter -->
<testsuite hostname="VBK-Computer" failures="0" tests="3" name="practice.Executions_2" time="9.226" errors="0" timestamp="2023-02-18T15:10:44 IST" skipped="0">
  <testcase classname="practice.Executions_2" name="tc2" time="2.732"/>
  <system-out/>
  <testcase classname="practice.Executions_2" name="tc0" time="3.440"/>
  <system-out/>
  <testcase classname="practice.Executions_2" name="tc1" time="3.054"/>
  <system-out/>
</testsuite> <!-- practice.Executions_2 -->
