<?xml version="1.0" encoding="UTF-8"?>
<!-- Generated by org.testng.reporters.JUnitReportReporter -->
<testsuite hostname="VBK-Computer" failures="0" tests="1" name="com.scm.addRetailer.AddRetailerTest" time="1.904" errors="0" timestamp="2023-03-28T09:55:21 IST" skipped="0">
  <testcase classname="com.scm.addRetailer.AddRetailerTest" name="createNewRetailer" time="1.904"/>
  <system-out/>
</testsuite> <!-- com.scm.addRetailer.AddRetailerTest -->
