<?xml version="1.0" encoding="UTF-8"?>
<!-- Generated by org.testng.reporters.JUnitReportReporter -->
<testsuite hostname="VBK-Computer" failures="0" tests="1" name="com.scm.orders.Orders_sortingIdUsingStartClassTest" time="0.997" errors="0" timestamp="2022-12-19T17:24:02 IST" skipped="0">
  <testcase classname="com.scm.orders.Orders_sortingIdUsingStartClassTest" name="orderSort" time="0.997"/>
  <system-out/>
</testsuite> <!-- com.scm.orders.Orders_sortingIdUsingStartClassTest -->
