<?xml version="1.0" encoding="UTF-8"?>
<!-- Generated by org.testng.reporters.JUnitReportReporter -->
<testsuite hostname="VBK-Computer" failures="0" tests="1" name="com.scm.Admin_manufacturerEditprofile.EditManufactureProfileUsingStartClassTest" time="2.212" errors="0" timestamp="2022-12-23T09:25:53 IST" skipped="0">
  <testcase classname="com.scm.Admin_manufacturerEditprofile.EditManufactureProfileUsingStartClassTest" name="editmanuprof" time="2.212"/>
  <system-out/>
</testsuite> <!-- com.scm.Admin_manufacturerEditprofile.EditManufactureProfileUsingStartClassTest -->
