<?xml version="1.0" encoding="UTF-8"?>
<!-- Generated by org.testng.reporters.JUnitReportReporter -->
<testsuite hostname="VBK-Computer" failures="0" tests="1" name="com.scm.products.AddProductUsingStartClassTest" time="6.114" errors="0" timestamp="2022-12-19T17:24:02 IST" skipped="0">
  <testcase classname="com.scm.products.AddProductUsingStartClassTest" name="addProduct" time="6.114"/>
  <system-out/>
</testsuite> <!-- com.scm.products.AddProductUsingStartClassTest -->
