<?xml version="1.0" encoding="UTF-8"?>
<!-- Generated by org.testng.reporters.JUnitReportReporter -->
<testsuite hostname="DESKTOP-FIBNM5V" failures="0" tests="9" name="practice.Executions_2" time="47.295" errors="0" timestamp="2022-12-07T10:10:11 IST" skipped="0">
  <testcase classname="practice.Executions_2" name="tc2" time="5.086"/>
  <system-out/>
  <testcase classname="practice.Executions_2" name="tc1" time="4.793"/>
  <system-out/>
  <testcase classname="practice.Executions_2" name="tc0" time="5.961"/>
  <system-out/>
  <testcase classname="practice.Executions_2" name="tc0" time="6.167"/>
  <system-out/>
  <testcase classname="practice.Executions_2" name="tc1" time="5.131"/>
  <system-out/>
  <testcase classname="practice.Executions_2" name="tc0" time="4.960"/>
  <system-out/>
  <testcase classname="practice.Executions_2" name="tc2" time="4.862"/>
  <system-out/>
  <testcase classname="practice.Executions_2" name="tc2" time="5.390"/>
  <system-out/>
  <testcase classname="practice.Executions_2" name="tc1" time="4.945"/>
  <system-out/>
</testsuite> <!-- practice.Executions_2 -->
