<?xml version="1.0" encoding="UTF-8"?>
<!-- Generated by org.testng.reporters.JUnitReportReporter -->
<testsuite hostname="VBK-Computer" failures="0" tests="1" name="practice.MavenDemo" time="0.020" errors="0" timestamp="2022-12-15T09:36:56 IST" skipped="0">
  <testcase classname="practice.MavenDemo" name="demo1" time="0.020"/>
  <system-out/>
</testsuite> <!-- practice.MavenDemo -->
