<?xml version="1.0" encoding="UTF-8"?>
<!-- Generated by org.testng.reporters.JUnitReportReporter -->
<testsuite hostname="VBK-Computer" failures="0" tests="1" name="practice.MavenDemoTest" time="0.010" errors="0" timestamp="2022-12-14T18:05:37 IST" skipped="0">
  <testcase classname="practice.MavenDemoTest" name="demo1" time="0.010"/>
  <system-out/>
</testsuite> <!-- practice.MavenDemoTest -->
