<?xml version="1.0" encoding="UTF-8"?>
<!-- Generated by org.testng.reporters.JUnitReportReporter -->
<testsuite hostname="VBK-Computer" failures="0" tests="1" name="com.scm.addRetailer.AddRetailerTest" time="3.497" errors="0" timestamp="2022-12-19T12:43:51 IST" skipped="0">
  <testcase classname="com.scm.addRetailer.AddRetailerTest" name="createNewRetailer" time="3.497"/>
  <system-out/>
</testsuite> <!-- com.scm.addRetailer.AddRetailerTest -->
