<?xml version="1.0" encoding="UTF-8"?>
<!-- Generated by org.testng.reporters.JUnitReportReporter -->
<testsuite hostname="DESKTOP-FIBNM5V" failures="0" tests="10" name="practice.DataProviderForExcel2" time="0.019" errors="0" timestamp="2022-12-06T12:32:33 IST" skipped="0">
  <testcase classname="practice.DataProviderForExcel2" name="main" time="0.002"/>
  <system-out/>
  <testcase classname="practice.DataProviderForExcel2" name="main" time="0.002"/>
  <system-out/>
  <testcase classname="practice.DataProviderForExcel2" name="main" time="0.002"/>
  <system-out/>
  <testcase classname="practice.DataProviderForExcel2" name="main" time="0.004"/>
  <system-out/>
  <testcase classname="practice.DataProviderForExcel2" name="main" time="0.001"/>
  <system-out/>
  <testcase classname="practice.DataProviderForExcel2" name="main" time="0.002"/>
  <system-out/>
  <testcase classname="practice.DataProviderForExcel2" name="main" time="0.000"/>
  <system-out/>
  <testcase classname="practice.DataProviderForExcel2" name="main" time="0.001"/>
  <system-out/>
  <testcase classname="practice.DataProviderForExcel2" name="main" time="0.001"/>
  <system-out/>
  <testcase classname="practice.DataProviderForExcel2" name="main" time="0.004"/>
  <system-out/>
</testsuite> <!-- practice.DataProviderForExcel2 -->
