<?xml version="1.0" encoding="UTF-8"?>
<!-- Generated by org.testng.reporters.JUnitReportReporter -->
<testsuite hostname="DESKTOP-FIBNM5V" failures="0" tests="1" name="practice.ManageStockStartClass" time="11.534" errors="0" timestamp="2022-12-06T12:32:33 IST" skipped="0">
  <testcase classname="practice.ManageStockStartClass" name="manageStock" time="11.534"/>
  <system-out/>
</testsuite> <!-- practice.ManageStockStartClass -->
