<?xml version="1.0" encoding="UTF-8"?>
<!-- Generated by org.testng.reporters.JUnitReportReporter -->
<testsuite hostname="VBK-Computer" failures="0" tests="3" name="practice.Executions_3" time="8.884" errors="0" timestamp="2022-12-08T16:00:01 IST" skipped="0">
  <testcase classname="practice.Executions_3" name="tc1" time="2.510"/>
  <system-out/>
  <testcase classname="practice.Executions_3" name="tc2" time="2.721"/>
  <system-out/>
  <testcase classname="practice.Executions_3" name="tc0" time="3.653"/>
  <system-out/>
</testsuite> <!-- practice.Executions_3 -->
