<?xml version="1.0" encoding="UTF-8"?>
<!-- Generated by org.testng.reporters.JUnitReportReporter -->
<testsuite hostname="VBK-Computer" failures="0" tests="1" name="practice.Demo" time="10.780" errors="0" timestamp="2023-01-11T21:26:04 IST" skipped="0">
  <testcase classname="practice.Demo" name="main" time="10.780"/>
  <system-out/>
</testsuite> <!-- practice.Demo -->
