<?xml version="1.0" encoding="UTF-8"?>
<!-- Generated by org.testng.reporters.JUnitReportReporter -->
<testsuite hostname="VBK-Computer" failures="0" tests="4" name="practice.Executions" time="11.518" errors="0" timestamp="2022-12-08T16:07:22 IST" skipped="0">
  <testcase classname="practice.Executions" name="test1" time="3.594"/>
  <system-out/>
  <testcase classname="practice.Executions" name="test2" time="2.649"/>
  <system-out/>
  <testcase classname="practice.Executions" name="test4" time="2.696"/>
  <system-out/>
  <testcase classname="practice.Executions" name="test3" time="2.579"/>
  <system-out/>
</testsuite> <!-- practice.Executions -->
