<?xml version="1.0" encoding="UTF-8"?>
<!-- Generated by org.testng.reporters.JUnitReportReporter -->
<testsuite hostname="VBK-Computer" failures="0" tests="1" name="com.scm.Admin_manufacturerEditprofile.EditManufactureProfileUsingStartClassTest" time="2.325" errors="0" timestamp="2023-03-28T09:55:49 IST" skipped="0">
  <testcase classname="com.scm.Admin_manufacturerEditprofile.EditManufactureProfileUsingStartClassTest" name="editmanuprof" time="2.325"/>
  <system-out/>
</testsuite> <!-- com.scm.Admin_manufacturerEditprofile.EditManufactureProfileUsingStartClassTest -->
