<?xml version="1.0" encoding="UTF-8"?>
<!-- Generated by org.testng.reporters.JUnitReportReporter -->
<testsuite hostname="DESKTOP-FIBNM5V" failures="0" tests="1" name="com.scm.managestock.ManageStockUsingGenericUtilityTest" time="6.924" errors="0" timestamp="2022-12-06T12:02:23 IST" skipped="0">
  <testcase classname="com.scm.managestock.ManageStockUsingGenericUtilityTest" name="main" time="6.924"/>
  <system-out/>
</testsuite> <!-- com.scm.managestock.ManageStockUsingGenericUtilityTest -->
