<?xml version="1.0" encoding="UTF-8"?>
<!-- Generated by org.testng.reporters.JUnitReportReporter -->
<testsuite hostname="VBK-Computer" failures="0" tests="1" name="com.scm.addRetailer.AddRetailerTest" time="4.623" errors="0" timestamp="2022-12-16T15:58:24 IST" skipped="0">
  <testcase classname="com.scm.addRetailer.AddRetailerTest" name="createNewRetailer" time="4.623"/>
  <system-out/>
</testsuite> <!-- com.scm.addRetailer.AddRetailerTest -->
