<?xml version="1.0" encoding="UTF-8"?>
<!-- Generated by org.testng.reporters.JUnitReportReporter -->
<testsuite hostname="VBK-Computer" name="practice.MavenDemo" tests="1" failures="0" timestamp="14 Dec 2022 11:39:05 GMT" time="0.059" errors="0">
  <testcase name="demo" time="0.059" classname="practice.MavenDemo"/>
</testsuite> <!-- practice.MavenDemo -->
